<?xml version="1.0" encoding="utf-8"?><testsuites name="pytest tests"><testsuite name="pytest" errors="0" failures="0" skipped="0" tests="12" time="1.728" timestamp="2026-05-26T15:54:41.129194+00:00" hostname="agent-env-ed90b482-d41c-406c-a189-ab4f79a1a82c"><testcase classname="backend.tests.test_consultation.TestHealth" name="test_root" time="0.174" /><testcase classname="backend.tests.test_consultation.TestConsultationCreate" name="test_create_valid" time="0.158" /><testcase classname="backend.tests.test_consultation.TestConsultationCreate" name="test_create_minimal_required" time="0.107" /><testcase classname="backend.tests.test_consultation.TestConsultationCreate" name="test_invalid_email" time="0.101" /><testcase classname="backend.tests.test_consultation.TestConsultationCreate" name="test_missing_company" time="0.106" /><testcase classname="backend.tests.test_consultation.TestConsultationCreate" name="test_missing_email" time="0.139" /><testcase classname="backend.tests.test_consultation.TestConsultationCreate" name="test_missing_phone" time="0.110" /><testcase classname="backend.tests.test_consultation.TestConsultationCreate" name="test_empty_company" time="0.101" /><testcase classname="backend.tests.test_consultation.TestZaneTiers" name="test_zane_tier[Zane Lite]" time="0.170" /><testcase classname="backend.tests.test_consultation.TestZaneTiers" name="test_zane_tier[Zane Business]" time="0.163" /><testcase classname="backend.tests.test_consultation.TestZaneTiers" name="test_zane_tier[Zane Elite]" time="0.158" /><testcase classname="backend.tests.test_consultation.TestConsultationList" name="test_list_after_create" time="0.159" /></testsuite></testsuites>