<?xml version="1.0" encoding="utf-8"?><testsuites name="pytest tests"><testsuite name="pytest" errors="0" failures="0" skipped="0" tests="9" time="1.579" timestamp="2026-05-24T11:20:09.134325+00:00" hostname="agent-env-ed90b482-d41c-406c-a189-ab4f79a1a82c"><testcase classname="backend.tests.test_consultation.TestHealth" name="test_root" time="0.217" /><testcase classname="backend.tests.test_consultation.TestConsultationCreate" name="test_create_valid" time="0.137" /><testcase classname="backend.tests.test_consultation.TestConsultationCreate" name="test_create_minimal_required" time="0.147" /><testcase classname="backend.tests.test_consultation.TestConsultationCreate" name="test_invalid_email" time="0.286" /><testcase classname="backend.tests.test_consultation.TestConsultationCreate" name="test_missing_company" time="0.113" /><testcase classname="backend.tests.test_consultation.TestConsultationCreate" name="test_missing_email" time="0.141" /><testcase classname="backend.tests.test_consultation.TestConsultationCreate" name="test_missing_phone" time="0.158" /><testcase classname="backend.tests.test_consultation.TestConsultationCreate" name="test_empty_company" time="0.101" /><testcase classname="backend.tests.test_consultation.TestConsultationList" name="test_list_after_create" time="0.148" /></testsuite></testsuites>